
added 3 packages, changed 1 package, and audited 1371 packages in 29s

277 packages are looking for funding
  run `npm fund` for details

9 vulnerabilities (3 moderate, 6 high)

To address all issues (including breaking changes), run:
  npm audit fix --force

Run `npm audit` for details.
npm notice
npm notice New major version of npm available! 10.8.2 -> 11.4.2
npm notice Changelog: https://github.com/npm/cli/releases/tag/v11.4.2
npm notice To update run: npm install -g npm@11.4.2
npm notice

> luxeevents-frontend@1.0.0 build
> react-scripts build

Creating an optimized production build...
Compiled successfully.

File sizes after gzip:

  53.17 kB (+7.88 kB)  build/static/js/main.49f98a27.js
  785 B (+633 B)       build/static/css/main.471cf035.css

The project was built assuming it is hosted at /.
You can control this with the homepage field in your package.json.

The build folder is ready to be deployed.
You may serve it with a static server:

  npm install -g serve
  serve -s build

Find out more about deployment here:

  https://cra.link/deployment

[main 61512b7] 🚀 Auto-deploy mer. 18 juin 2025 20:50:12 CEST
 17 files changed, 815 insertions(+), 4 deletions(-)
 create mode 100644 .env
 create mode 100644 clean_and_start.sh
 create mode 100644 deploy_frontend_2025-06-18_20-48-19.log
 create mode 100755 deploy_frontend_pipeline.sh
 create mode 100755 deploy_luxeevents.sh
 create mode 100755 fix_and_start.sh
 create mode 100755 luxe_magic.sh
 create mode 100755 mega_clean_start.sh
 create mode 100755 nova_deploy.sh
 create mode 100644 public/assets/media/logos/logo-react.svg
 create mode 100644 public/assets/media/logos/logo192.png
 create mode 100644 public/assets/media/logos/logo512.png
 create mode 100755 update_app.sh
 create mode 100755 update_gallery_css.sh
 create mode 100755 update_gallery_js.sh
ssh: Could not resolve hostname github.com: Temporary failure in name resolution
fatal: Could not read from remote repository.

Please make sure you have the correct access rights
and the repository exists.
